<?xml version="1.0" encoding="UTF-8"?>
<!-- Generated by org.testng.reporters.JUnitReportReporter -->
<testsuite skipped="0" hostname="DESKTOP-0M28FOR" name="com.aditya.homePage.HomePage_01_Validation" tests="1" failures="0" timestamp="12 Apr 2018 06:25:22 GMT" time="4.767" errors="0">
  <testcase name="homePageValidation" time="4.767" classname="com.aditya.homePage.HomePage_01_Validation"/>
</testsuite> <!-- com.aditya.homePage.HomePage_01_Validation -->
