<?xml version="1.0" encoding="UTF-8"?>
<!-- Generated by org.testng.reporters.JUnitReportReporter -->
<testsuite skipped="0" hostname="DESKTOP-0M28FOR" name="com.aditya.homePage.Macy_Profile_Creation" tests="3" failures="0" timestamp="16 Feb 2018 05:34:27 GMT" time="52318.590" errors="0">
  <testcase name="profileCreation" time="223.830" classname="com.aditya.homePage.Macy_Profile_Creation"/>
  <testcase name="profileCreation" time="12.285" classname="com.aditya.homePage.Macy_Profile_Creation"/>
  <testcase name="profileCreation" time="52082.473" classname="com.aditya.homePage.Macy_Profile_Creation"/>
</testsuite> <!-- com.aditya.homePage.Macy_Profile_Creation -->
