<?xml version="1.0" encoding="UTF-8"?>
<!-- Generated by org.testng.reporters.JUnitReportReporter -->
<testsuite skipped="0" hostname="DESKTOP-0M28FOR" name="com.aditya.scripts.HomePage_01_Validation" tests="1" failures="0" timestamp="10 Feb 2018 20:53:31 GMT" time="5.812" errors="0">
  <testcase name="homePageValidation" time="5.812" classname="com.aditya.scripts.HomePage_01_Validation"/>
</testsuite> <!-- com.aditya.scripts.HomePage_01_Validation -->
