<?xml version="1.0" encoding="UTF-8"?>
<!-- Generated by org.testng.reporters.JUnitReportReporter -->
<testsuite skipped="0" hostname="DESKTOP-0M28FOR" name="com.aditya.homePage.NewTest" tests="1" failures="0" timestamp="11 Feb 2018 15:30:07 GMT" time="0.117" errors="0">
  <testcase name="f" time="0.117" classname="com.aditya.homePage.NewTest"/>
</testsuite> <!-- com.aditya.homePage.NewTest -->
