<?xml version="1.0" encoding="UTF-8"?>
<!-- Generated by org.testng.reporters.JUnitReportReporter -->
<testsuite skipped="1" hostname="DESKTOP-0M28FOR" name="com.aditya.homePage.TestNGTest" tests="2" failures="0" timestamp="12 Apr 2018 06:51:33 GMT" time="0.035" errors="0">
  <testcase name="Secondmethod" time="0.007" classname="com.aditya.homePage.TestNGTest">
    <skipped/>
  </testcase> <!-- Secondmethod -->
  <testcase name="Firstmethod" time="0.028" classname="com.aditya.homePage.TestNGTest"/>
</testsuite> <!-- com.aditya.homePage.TestNGTest -->
